<?xml version="1.0" encoding="UTF-8"?>
<testng-results ignored="0" total="1" passed="1" failed="0" skipped="0">
  <reporter-output>
  </reporter-output>
  <suite started-at="2022-04-10T18:08:31 IST" name="Default suite" finished-at="2022-04-10T18:08:34 IST" duration-ms="3355">
    <groups>
    </groups>
    <test started-at="2022-04-10T18:08:31 IST" name="Default test" finished-at="2022-04-10T18:08:34 IST" duration-ms="3355">
      <class name="test_Practice.Simple_Get">
        <test-method signature="simpleGetTest()[pri:0, instance:test_Practice.Simple_Get@55536d9e]" started-at="2022-04-10T18:08:31 IST" name="simpleGetTest" finished-at="2022-04-10T18:08:34 IST" duration-ms="3292" status="PASS">
          <reporter-output>
          </reporter-output>
        </test-method> <!-- simpleGetTest -->
      </class> <!-- test_Practice.Simple_Get -->
    </test> <!-- Default test -->
  </suite> <!-- Default suite -->
</testng-results>
